# JRE version: OpenJDK Runtime Environment (8.0_242-b01) (build 1.8.0_242-release-1644-b01)
# Java VM: OpenJDK 64-Bit Server VM (25.242-b01 mixed mode windows-amd64 compressed oops)
Heap:
 PSYoungGen      total 533504K, used 49161K [0x00000000d5580000, 0x00000000fe080000, 0x0000000100000000)
  eden space 456192K, 1% used [0x00000000d5580000,0x00000000d5d9db78,0x00000000f1300000)
  from space 77312K, 52% used [0x00000000f9500000,0x00000000fbce4ab0,0x00000000fe080000)
  to   space 80896K, 0% used [0x00000000f1300000,0x00000000f1300000,0x00000000f6200000)
 ParOldGen       total 325120K, used 106120K [0x0000000080000000, 0x0000000093d80000, 0x00000000d5580000)
  object space 325120K, 32% used [0x0000000080000000,0x00000000867a2388,0x0000000093d80000)
 Metaspace       used 109872K, capacity 115286K, committed 115480K, reserved 1148928K
  class space    used 14051K, capacity 15077K, committed 15152K, reserved 1048576K
GC Heap History (10 events):
Event: 467.449 GC heap before
{Heap before GC invocations=39 (full 4):
 PSYoungGen      total 476160K, used 423781K [0x00000000d5580000, 0x00000000f8500000, 0x0000000100000000)
  eden space 399872K, 100% used [0x00000000d5580000,0x00000000edc00000,0x00000000edc00000)
  from space 76288K, 31% used [0x00000000f3a80000,0x00000000f51d9718,0x00000000f8500000)
  to   space 86528K, 0% used [0x00000000edc00000,0x00000000edc00000,0x00000000f3080000)
 ParOldGen       total 280064K, used 236880K [0x0000000080000000, 0x0000000091180000, 0x00000000d5580000)
  object space 280064K, 84% used [0x0000000080000000,0x000000008e754138,0x0000000091180000)
 Metaspace       used 109166K, capacity 114460K, committed 114584K, reserved 1148928K
  class space    used 14028K, capacity 15008K, committed 15024K, reserved 1048576K
Event: 467.524 GC heap after
Heap after GC invocations=39 (full 4):
 PSYoungGen      total 486400K, used 11515K [0x00000000d5580000, 0x00000000fb880000, 0x0000000100000000)
  eden space 399872K, 0% used [0x00000000d5580000,0x00000000d5580000,0x00000000edc00000)
  from space 86528K, 13% used [0x00000000edc00000,0x00000000ee73ed18,0x00000000f3080000)
  to   space 83968K, 0% used [0x00000000f6680000,0x00000000f6680000,0x00000000fb880000)
 ParOldGen       total 280064K, used 239664K [0x0000000080000000, 0x0000000091180000, 0x00000000d5580000)
  object space 280064K, 85% used [0x0000000080000000,0x000000008ea0c310,0x0000000091180000)
 Metaspace       used 109166K, capacity 114460K, committed 114584K, reserved 1148928K
  class space    used 14028K, capacity 15008K, committed 15024K, reserved 1048576K
}
Event: 467.524 GC heap before
{Heap before GC invocations=40 (full 5):
 PSYoungGen      total 486400K, used 11515K [0x00000000d5580000, 0x00000000fb880000, 0x0000000100000000)
  eden space 399872K, 0% used [0x00000000d5580000,0x00000000d5580000,0x00000000edc00000)
  from space 86528K, 13% used [0x00000000edc00000,0x00000000ee73ed18,0x00000000f3080000)
  to   space 83968K, 0% used [0x00000000f6680000,0x00000000f6680000,0x00000000fb880000)
 ParOldGen       total 280064K, used 239664K [0x0000000080000000, 0x0000000091180000, 0x00000000d5580000)
  object space 280064K, 85% used [0x0000000080000000,0x000000008ea0c310,0x0000000091180000)
 Metaspace       used 109166K, capacity 114460K, committed 114584K, reserved 1148928K
  class space    used 14028K, capacity 15008K, committed 15024K, reserved 1048576K
Event: 468.229 GC heap after
Heap after GC invocations=40 (full 5):
 PSYoungGen      total 486400K, used 0K [0x00000000d5580000, 0x00000000fb880000, 0x0000000100000000)
  eden space 399872K, 0% used [0x00000000d5580000,0x00000000d5580000,0x00000000edc00000)
  from space 86528K, 0% used [0x00000000edc00000,0x00000000edc00000,0x00000000f3080000)
  to   space 83968K, 0% used [0x00000000f6680000,0x00000000f6680000,0x00000000fb880000)
 ParOldGen       total 325120K, used 93030K [0x0000000080000000, 0x0000000093d80000, 0x00000000d5580000)
  object space 325120K, 28% used [0x0000000080000000,0x0000000085ad9818,0x0000000093d80000)
 Metaspace       used 109086K, capacity 114248K, committed 114584K, reserved 1148928K
  class space    used 14000K, capacity 14960K, committed 15024K, reserved 1048576K
}
Event: 563.890 GC heap before
{Heap before GC invocations=41 (full 5):
 PSYoungGen      total 486400K, used 399872K [0x00000000d5580000, 0x00000000fb880000, 0x0000000100000000)
  eden space 399872K, 100% used [0x00000000d5580000,0x00000000edc00000,0x00000000edc00000)
  from space 86528K, 0% used [0x00000000edc00000,0x00000000edc00000,0x00000000f3080000)
  to   space 83968K, 0% used [0x00000000f6680000,0x00000000f6680000,0x00000000fb880000)
 ParOldGen       total 325120K, used 93030K [0x0000000080000000, 0x0000000093d80000, 0x00000000d5580000)
  object space 325120K, 28% used [0x0000000080000000,0x0000000085ad9818,0x0000000093d80000)
 Metaspace       used 109348K, capacity 114624K, committed 114840K, reserved 1148928K
  class space    used 14015K, capacity 14986K, committed 15024K, reserved 1048576K
Event: 563.966 GC heap after
Heap after GC invocations=41 (full 5):
 PSYoungGen      total 532480K, used 13008K [0x00000000d5580000, 0x00000000fb100000, 0x0000000100000000)
  eden space 456192K, 0% used [0x00000000d5580000,0x00000000d5580000,0x00000000f1300000)
  from space 76288K, 17% used [0x00000000f6680000,0x00000000f7334010,0x00000000fb100000)
  to   space 80896K, 0% used [0x00000000f1300000,0x00000000f1300000,0x00000000f6200000)
 ParOldGen       total 325120K, used 93038K [0x0000000080000000, 0x0000000093d80000, 0x00000000d5580000)
  object space 325120K, 28% used [0x0000000080000000,0x0000000085adb818,0x0000000093d80000)
 Metaspace       used 109348K, capacity 114624K, committed 114840K, reserved 1148928K
  class space    used 14015K, capacity 14986K, committed 15024K, reserved 1048576K
}
Event: 975.399 GC heap before
{Heap before GC invocations=42 (full 5):
 PSYoungGen      total 532480K, used 469200K [0x00000000d5580000, 0x00000000fb100000, 0x0000000100000000)
  eden space 456192K, 100% used [0x00000000d5580000,0x00000000f1300000,0x00000000f1300000)
  from space 76288K, 17% used [0x00000000f6680000,0x00000000f7334010,0x00000000fb100000)
  to   space 80896K, 0% used [0x00000000f1300000,0x00000000f1300000,0x00000000f6200000)
 ParOldGen       total 325120K, used 93038K [0x0000000080000000, 0x0000000093d80000, 0x00000000d5580000)
  object space 325120K, 28% used [0x0000000080000000,0x0000000085adb818,0x0000000093d80000)
 Metaspace       used 109753K, capacity 115154K, committed 115480K, reserved 1148928K
  class space    used 14045K, capacity 15069K, committed 15152K, reserved 1048576K
Event: 975.443 GC heap after
Heap after GC invocations=42 (full 5):
 PSYoungGen      total 537088K, used 16000K [0x00000000d5580000, 0x00000000fe080000, 0x0000000100000000)
  eden space 456192K, 0% used [0x00000000d5580000,0x00000000d5580000,0x00000000f1300000)
  from space 80896K, 19% used [0x00000000f1300000,0x00000000f22a0060,0x00000000f6200000)
  to   space 77312K, 0% used [0x00000000f9500000,0x00000000f9500000,0x00000000fe080000)
 ParOldGen       total 325120K, used 94676K [0x0000000080000000, 0x0000000093d80000, 0x00000000d5580000)
  object space 325120K, 29% used [0x0000000080000000,0x0000000085c75028,0x0000000093d80000)
 Metaspace       used 109753K, capacity 115154K, committed 115480K, reserved 1148928K
  class space    used 14045K, capacity 15069K, committed 15152K, reserved 1048576K
}
Event: 982.579 GC heap before
{Heap before GC invocations=43 (full 5):
 PSYoungGen      total 537088K, used 472192K [0x00000000d5580000, 0x00000000fe080000, 0x0000000100000000)
  eden space 456192K, 100% used [0x00000000d5580000,0x00000000f1300000,0x00000000f1300000)
  from space 80896K, 19% used [0x00000000f1300000,0x00000000f22a0060,0x00000000f6200000)
  to   space 77312K, 0% used [0x00000000f9500000,0x00000000f9500000,0x00000000fe080000)
 ParOldGen       total 325120K, used 94676K [0x0000000080000000, 0x0000000093d80000, 0x00000000d5580000)
  object space 325120K, 29% used [0x0000000080000000,0x0000000085c75028,0x0000000093d80000)
 Metaspace       used 109872K, capacity 115286K, committed 115480K, reserved 1148928K
  class space    used 14051K, capacity 15077K, committed 15152K, reserved 1048576K
Event: 982.750 GC heap after
Heap after GC invocations=43 (full 5):
 PSYoungGen      total 533504K, used 40850K [0x00000000d5580000, 0x00000000fe080000, 0x0000000100000000)
  eden space 456192K, 0% used [0x00000000d5580000,0x00000000d5580000,0x00000000f1300000)
  from space 77312K, 52% used [0x00000000f9500000,0x00000000fbce4ab0,0x00000000fe080000)
  to   space 80896K, 0% used [0x00000000f1300000,0x00000000f1300000,0x00000000f6200000)
 ParOldGen       total 325120K, used 106120K [0x0000000080000000, 0x0000000093d80000, 0x00000000d5580000)
  object space 325120K, 32% used [0x0000000080000000,0x00000000867a2388,0x0000000093d80000)
 Metaspace       used 109872K, capacity 115286K, committed 115480K, reserved 1148928K
  class space    used 14051K, capacity 15077K, committed 15152K, reserved 1048576K
}

