# JRE version: OpenJDK Runtime Environment (8.0_242-b01) (build 1.8.0_242-release-1644-b01)
# Java VM: OpenJDK 64-Bit Server VM (25.242-b01 mixed mode windows-amd64 compressed oops)
Heap:
 PSYoungGen      total 630784K, used 423423K [0x00000000d5580000, 0x00000000ff780000, 0x0000000100000000)
  eden space 579584K, 68% used [0x00000000d5580000,0x00000000ed8643f0,0x00000000f8b80000)
  from space 51200K, 53% used [0x00000000fc580000,0x00000000fe01b9c8,0x00000000ff780000)
  to   space 54784K, 0% used [0x00000000f8b80000,0x00000000f8b80000,0x00000000fc100000)
 ParOldGen       total 315904K, used 104301K [0x0000000080000000, 0x0000000093480000, 0x00000000d5580000)
  object space 315904K, 33% used [0x0000000080000000,0x00000000865db468,0x0000000093480000)
 Metaspace       used 79475K, capacity 83072K, committed 83736K, reserved 1122304K
  class space    used 10638K, capacity 11364K, committed 11568K, reserved 1048576K
GC Heap History (10 events):
Event: 176.779 GC heap before
{Heap before GC invocations=47 (full 5):
 PSYoungGen      total 629248K, used 570420K [0x00000000d5580000, 0x0000000100000000, 0x0000000100000000)
  eden space 563712K, 100% used [0x00000000d5580000,0x00000000f7c00000,0x00000000f7c00000)
  from space 65536K, 10% used [0x00000000f7c00000,0x00000000f828d3a0,0x00000000fbc00000)
  to   space 64512K, 0% used [0x00000000fc100000,0x00000000fc100000,0x0000000100000000)
 ParOldGen       total 315904K, used 104285K [0x0000000080000000, 0x0000000093480000, 0x00000000d5580000)
  object space 315904K, 33% used [0x0000000080000000,0x00000000865d7468,0x0000000093480000)
 Metaspace       used 79365K, capacity 83000K, committed 83736K, reserved 1122304K
  class space    used 10636K, capacity 11364K, committed 11568K, reserved 1048576K
Event: 176.852 GC heap after
Heap after GC invocations=47 (full 5):
 PSYoungGen      total 625152K, used 18858K [0x00000000d5580000, 0x00000000ff800000, 0x0000000100000000)
  eden space 568832K, 0% used [0x00000000d5580000,0x00000000d5580000,0x00000000f8100000)
  from space 56320K, 33% used [0x00000000fc100000,0x00000000fd36a8e8,0x00000000ff800000)
  to   space 60928K, 0% used [0x00000000f8100000,0x00000000f8100000,0x00000000fbc80000)
 ParOldGen       total 315904K, used 104293K [0x0000000080000000, 0x0000000093480000, 0x00000000d5580000)
  object space 315904K, 33% used [0x0000000080000000,0x00000000865d9468,0x0000000093480000)
 Metaspace       used 79365K, capacity 83000K, committed 83736K, reserved 1122304K
  class space    used 10636K, capacity 11364K, committed 11568K, reserved 1048576K
}
Event: 179.345 GC heap before
{Heap before GC invocations=48 (full 5):
 PSYoungGen      total 625152K, used 587690K [0x00000000d5580000, 0x00000000ff800000, 0x0000000100000000)
  eden space 568832K, 100% used [0x00000000d5580000,0x00000000f8100000,0x00000000f8100000)
  from space 56320K, 33% used [0x00000000fc100000,0x00000000fd36a8e8,0x00000000ff800000)
  to   space 60928K, 0% used [0x00000000f8100000,0x00000000f8100000,0x00000000fbc80000)
 ParOldGen       total 315904K, used 104293K [0x0000000080000000, 0x0000000093480000, 0x00000000d5580000)
  object space 315904K, 33% used [0x0000000080000000,0x00000000865d9468,0x0000000093480000)
 Metaspace       used 79374K, capacity 83000K, committed 83736K, reserved 1122304K
  class space    used 10636K, capacity 11364K, committed 11568K, reserved 1048576K
Event: 179.420 GC heap after
Heap after GC invocations=48 (full 5):
 PSYoungGen      total 629760K, used 17117K [0x00000000d5580000, 0x00000000ff800000, 0x0000000100000000)
  eden space 568832K, 0% used [0x00000000d5580000,0x00000000d5580000,0x00000000f8100000)
  from space 60928K, 28% used [0x00000000f8100000,0x00000000f91b7488,0x00000000fbc80000)
  to   space 56320K, 0% used [0x00000000fc100000,0x00000000fc100000,0x00000000ff800000)
 ParOldGen       total 315904K, used 104293K [0x0000000080000000, 0x0000000093480000, 0x00000000d5580000)
  object space 315904K, 33% used [0x0000000080000000,0x00000000865d9468,0x0000000093480000)
 Metaspace       used 79374K, capacity 83000K, committed 83736K, reserved 1122304K
  class space    used 10636K, capacity 11364K, committed 11568K, reserved 1048576K
}
Event: 182.345 GC heap before
{Heap before GC invocations=49 (full 5):
 PSYoungGen      total 629760K, used 585949K [0x00000000d5580000, 0x00000000ff800000, 0x0000000100000000)
  eden space 568832K, 100% used [0x00000000d5580000,0x00000000f8100000,0x00000000f8100000)
  from space 60928K, 28% used [0x00000000f8100000,0x00000000f91b7488,0x00000000fbc80000)
  to   space 56320K, 0% used [0x00000000fc100000,0x00000000fc100000,0x00000000ff800000)
 ParOldGen       total 315904K, used 104293K [0x0000000080000000, 0x0000000093480000, 0x00000000d5580000)
  object space 315904K, 33% used [0x0000000080000000,0x00000000865d9468,0x0000000093480000)
 Metaspace       used 79415K, capacity 83008K, committed 83736K, reserved 1122304K
  class space    used 10636K, capacity 11364K, committed 11568K, reserved 1048576K
Event: 182.380 GC heap after
Heap after GC invocations=49 (full 5):
 PSYoungGen      total 635904K, used 17459K [0x00000000d5580000, 0x00000000ff880000, 0x0000000100000000)
  eden space 579584K, 0% used [0x00000000d5580000,0x00000000d5580000,0x00000000f8b80000)
  from space 56320K, 31% used [0x00000000fc100000,0x00000000fd20cee8,0x00000000ff800000)
  to   space 54784K, 0% used [0x00000000f8b80000,0x00000000f8b80000,0x00000000fc100000)
 ParOldGen       total 315904K, used 104301K [0x0000000080000000, 0x0000000093480000, 0x00000000d5580000)
  object space 315904K, 33% used [0x0000000080000000,0x00000000865db468,0x0000000093480000)
 Metaspace       used 79415K, capacity 83008K, committed 83736K, reserved 1122304K
  class space    used 10636K, capacity 11364K, committed 11568K, reserved 1048576K
}
Event: 185.075 GC heap before
{Heap before GC invocations=50 (full 5):
 PSYoungGen      total 635904K, used 597043K [0x00000000d5580000, 0x00000000ff880000, 0x0000000100000000)
  eden space 579584K, 100% used [0x00000000d5580000,0x00000000f8b80000,0x00000000f8b80000)
  from space 56320K, 31% used [0x00000000fc100000,0x00000000fd20cee8,0x00000000ff800000)
  to   space 54784K, 0% used [0x00000000f8b80000,0x00000000f8b80000,0x00000000fc100000)
 ParOldGen       total 315904K, used 104301K [0x0000000080000000, 0x0000000093480000, 0x00000000d5580000)
  object space 315904K, 33% used [0x0000000080000000,0x00000000865db468,0x0000000093480000)
 Metaspace       used 79450K, capacity 83072K, committed 83736K, reserved 1122304K
  class space    used 10637K, capacity 11364K, committed 11568K, reserved 1048576K
Event: 185.126 GC heap after
Heap after GC invocations=50 (full 5):
 PSYoungGen      total 634368K, used 20672K [0x00000000d5580000, 0x00000000ff780000, 0x0000000100000000)
  eden space 579584K, 0% used [0x00000000d5580000,0x00000000d5580000,0x00000000f8b80000)
  from space 54784K, 37% used [0x00000000f8b80000,0x00000000f9fb00b8,0x00000000fc100000)
  to   space 51200K, 0% used [0x00000000fc580000,0x00000000fc580000,0x00000000ff780000)
 ParOldGen       total 315904K, used 104301K [0x0000000080000000, 0x0000000093480000, 0x00000000d5580000)
  object space 315904K, 33% used [0x0000000080000000,0x00000000865db468,0x0000000093480000)
 Metaspace       used 79450K, capacity 83072K, committed 83736K, reserved 1122304K
  class space    used 10637K, capacity 11364K, committed 11568K, reserved 1048576K
}
Event: 187.289 GC heap before
{Heap before GC invocations=51 (full 5):
 PSYoungGen      total 634368K, used 600256K [0x00000000d5580000, 0x00000000ff780000, 0x0000000100000000)
  eden space 579584K, 100% used [0x00000000d5580000,0x00000000f8b80000,0x00000000f8b80000)
  from space 54784K, 37% used [0x00000000f8b80000,0x00000000f9fb00b8,0x00000000fc100000)
  to   space 51200K, 0% used [0x00000000fc580000,0x00000000fc580000,0x00000000ff780000)
 ParOldGen       total 315904K, used 104301K [0x0000000080000000, 0x0000000093480000, 0x00000000d5580000)
  object space 315904K, 33% used [0x0000000080000000,0x00000000865db468,0x0000000093480000)
 Metaspace       used 79474K, capacity 83072K, committed 83736K, reserved 1122304K
  class space    used 10638K, capacity 11364K, committed 11568K, reserved 1048576K
Event: 187.359 GC heap after
Heap after GC invocations=51 (full 5):
 PSYoungGen      total 630784K, used 27246K [0x00000000d5580000, 0x00000000ff780000, 0x0000000100000000)
  eden space 579584K, 0% used [0x00000000d5580000,0x00000000d5580000,0x00000000f8b80000)
  from space 51200K, 53% used [0x00000000fc580000,0x00000000fe01b9c8,0x00000000ff780000)
  to   space 54784K, 0% used [0x00000000f8b80000,0x00000000f8b80000,0x00000000fc100000)
 ParOldGen       total 315904K, used 104301K [0x0000000080000000, 0x0000000093480000, 0x00000000d5580000)
  object space 315904K, 33% used [0x0000000080000000,0x00000000865db468,0x0000000093480000)
 Metaspace       used 79474K, capacity 83072K, committed 83736K, reserved 1122304K
  class space    used 10638K, capacity 11364K, committed 11568K, reserved 1048576K
}

